{"level":"error","message":"Tue May 24 2022 21:55:55 GMT+0200 (Eastern European Standard Time)-{\"name\":\"Data Not found\",\"statusCode\":500,\"isOperational\":true}","private":true}
{"level":"error","message":"Tue May 24 2022 21:56:24 GMT+0200 (Eastern European Standard Time)-{\"name\":\"Data Not found\",\"statusCode\":500,\"isOperational\":true}","private":true}
{"level":"error","message":"Tue May 24 2022 23:50:09 GMT+0200 (Eastern European Standard Time)-{}","private":true}
{"level":"error","message":"Tue May 24 2022 23:57:03 GMT+0200 (Eastern European Standard Time)-{\"name\":\"Data Not found\",\"statusCode\":500,\"isOperational\":true}","private":true}
{"level":"error","message":"Wed May 25 2022 00:09:47 GMT+0200 (Eastern European Standard Time)-{\"name\":\"Data Not found\",\"statusCode\":500,\"isOperational\":true}","private":true}
{"level":"error","message":"Wed May 25 2022 00:09:48 GMT+0200 (Eastern European Standard Time)-{\"name\":\"Data Not found\",\"statusCode\":500,\"isOperational\":true}","private":true}
{"level":"error","message":"Wed May 25 2022 00:09:49 GMT+0200 (Eastern European Standard Time)-{\"name\":\"Data Not found\",\"statusCode\":500,\"isOperational\":true}","private":true}
{"level":"error","message":"Wed May 25 2022 00:16:20 GMT+0200 (Eastern European Standard Time)-{\"name\":\"Data Not found\",\"statusCode\":500,\"isOperational\":true}","private":true}
{"level":"error","message":"Wed May 25 2022 00:16:24 GMT+0200 (Eastern European Standard Time)-{\"name\":\"Data Not found\",\"statusCode\":500,\"isOperational\":true}","private":true}
{"level":"error","message":"Wed May 25 2022 18:21:37 GMT+0200 (Eastern European Standard Time)-{\"name\":\"Data Not found\",\"statusCode\":500,\"isOperational\":true}","private":true}
{"level":"error","message":"Wed May 25 2022 18:21:37 GMT+0200 (Eastern European Standard Time)-{\"name\":\"Data Not found\",\"statusCode\":500,\"isOperational\":true}","private":true}
{"level":"error","message":"Wed May 25 2022 18:21:39 GMT+0200 (Eastern European Standard Time)-{\"name\":\"Data Not found\",\"statusCode\":500,\"isOperational\":true}","private":true}
{"level":"error","message":"Wed May 25 2022 18:21:39 GMT+0200 (Eastern European Standard Time)-{\"name\":\"Data Not found\",\"statusCode\":500,\"isOperational\":true}","private":true}
{"level":"error","message":"Wed May 25 2022 18:21:41 GMT+0200 (Eastern European Standard Time)-{\"name\":\"Data Not found\",\"statusCode\":500,\"isOperational\":true}","private":true}
{"level":"error","message":"Wed May 25 2022 18:21:41 GMT+0200 (Eastern European Standard Time)-{\"name\":\"Data Not found\",\"statusCode\":500,\"isOperational\":true}","private":true}
{"level":"error","message":"Wed May 25 2022 18:21:41 GMT+0200 (Eastern European Standard Time)-{\"name\":\"Data Not found\",\"statusCode\":500,\"isOperational\":true}","private":true}
{"level":"error","message":"Wed May 25 2022 18:21:41 GMT+0200 (Eastern European Standard Time)-{\"name\":\"Data Not found\",\"statusCode\":500,\"isOperational\":true}","private":true}
{"level":"error","message":"Wed May 25 2022 18:21:42 GMT+0200 (Eastern European Standard Time)-{\"name\":\"Data Not found\",\"statusCode\":500,\"isOperational\":true}","private":true}
{"level":"error","message":"Wed May 25 2022 18:21:42 GMT+0200 (Eastern European Standard Time)-{\"name\":\"Data Not found\",\"statusCode\":500,\"isOperational\":true}","private":true}
{"level":"error","message":"Wed May 25 2022 18:31:49 GMT+0200 (Eastern European Standard Time)-{\"name\":\"Data Not found\",\"statusCode\":500,\"isOperational\":true}","private":true}
{"level":"error","message":"Wed May 25 2022 18:31:49 GMT+0200 (Eastern European Standard Time)-{\"name\":\"Data Not found\",\"statusCode\":500,\"isOperational\":true}","private":true}
{"level":"error","message":"Wed May 25 2022 18:31:56 GMT+0200 (Eastern European Standard Time)-{\"name\":\"Data Not found\",\"statusCode\":500,\"isOperational\":true}","private":true}
{"level":"error","message":"Wed May 25 2022 18:31:56 GMT+0200 (Eastern European Standard Time)-{\"name\":\"Data Not found\",\"statusCode\":500,\"isOperational\":true}","private":true}
{"level":"error","message":"Wed May 25 2022 18:39:29 GMT+0200 (Eastern European Standard Time)-{\"name\":\"Data Not found\",\"statusCode\":500,\"isOperational\":true}","private":true}
{"level":"error","message":"Wed May 25 2022 18:39:29 GMT+0200 (Eastern European Standard Time)-{\"name\":\"Data Not found\",\"statusCode\":500,\"isOperational\":true}","private":true}
{"level":"error","message":"Wed May 25 2022 18:39:56 GMT+0200 (Eastern European Standard Time)-{\"name\":\"Data Not found\",\"statusCode\":500,\"isOperational\":true}","private":true}
{"level":"error","message":"Wed May 25 2022 18:39:56 GMT+0200 (Eastern European Standard Time)-{\"name\":\"Data Not found\",\"statusCode\":500,\"isOperational\":true}","private":true}
{"level":"error","message":"Wed May 25 2022 18:39:56 GMT+0200 (Eastern European Standard Time)-{\"name\":\"Data Not found\",\"statusCode\":500,\"isOperational\":true}","private":true}
{"level":"error","message":"Wed May 25 2022 18:39:56 GMT+0200 (Eastern European Standard Time)-{\"name\":\"Data Not found\",\"statusCode\":500,\"isOperational\":true}","private":true}
{"level":"error","message":"Wed May 25 2022 18:44:32 GMT+0200 (Eastern European Standard Time)-{\"name\":\"Data Not found\",\"statusCode\":500,\"isOperational\":true}","private":true}
{"level":"error","message":"Wed May 25 2022 18:44:32 GMT+0200 (Eastern European Standard Time)-{\"name\":\"Data Not found\",\"statusCode\":500,\"isOperational\":true}","private":true}
{"level":"error","message":"Wed May 25 2022 18:45:01 GMT+0200 (Eastern European Standard Time)-{\"name\":\"Data Not found\",\"statusCode\":500,\"isOperational\":true}","private":true}
{"level":"error","message":"Wed May 25 2022 18:45:01 GMT+0200 (Eastern European Standard Time)-{\"name\":\"Data Not found\",\"statusCode\":500,\"isOperational\":true}","private":true}
{"level":"error","message":"Wed May 25 2022 18:45:08 GMT+0200 (Eastern European Standard Time)-{\"name\":\"Data Not found\",\"statusCode\":500,\"isOperational\":true}","private":true}
{"level":"error","message":"Wed May 25 2022 18:45:08 GMT+0200 (Eastern European Standard Time)-{\"name\":\"Data Not found\",\"statusCode\":500,\"isOperational\":true}","private":true}
{"level":"error","message":"Wed May 25 2022 18:46:02 GMT+0200 (Eastern European Standard Time)-{\"name\":\"Data Not found\",\"statusCode\":500,\"isOperational\":true}","private":true}
{"level":"error","message":"Wed May 25 2022 18:51:39 GMT+0200 (Eastern European Standard Time)-{\"name\":\"Data Not found\",\"statusCode\":500,\"isOperational\":true}","private":true}
{"level":"error","message":"Wed May 25 2022 18:53:29 GMT+0200 (Eastern European Standard Time)-{\"name\":\"Data Not found\",\"statusCode\":500,\"isOperational\":true}","private":true}
{"level":"error","message":"Wed May 25 2022 18:53:29 GMT+0200 (Eastern European Standard Time)-{\"name\":\"Data Not found\",\"statusCode\":500,\"isOperational\":true}","private":true}
{"level":"error","message":"Wed May 25 2022 18:57:24 GMT+0200 (Eastern European Standard Time)-{\"name\":\"Data Not found\",\"statusCode\":500,\"isOperational\":true}","private":true}
{"level":"error","message":"Wed May 25 2022 18:57:33 GMT+0200 (Eastern European Standard Time)-{\"name\":\"Data Not found\",\"statusCode\":500,\"isOperational\":true}","private":true}
{"level":"error","message":"Wed May 25 2022 18:58:28 GMT+0200 (Eastern European Standard Time)-{\"name\":\"Data Not found\",\"statusCode\":500,\"isOperational\":true}","private":true}
{"level":"error","message":"Wed May 25 2022 19:30:34 GMT+0200 (Eastern European Standard Time)-{\"name\":\"Data Not found\",\"statusCode\":500,\"isOperational\":true}","private":true}
{"level":"error","message":"Wed May 25 2022 19:30:34 GMT+0200 (Eastern European Standard Time)-{\"name\":\"Data Not found\",\"statusCode\":500,\"isOperational\":true}","private":true}
{"level":"error","message":"Wed May 25 2022 19:43:44 GMT+0200 (Eastern European Standard Time)-{\"name\":\"Data Not found\",\"statusCode\":500,\"isOperational\":true}","private":true}
{"level":"error","message":"Wed May 25 2022 19:43:58 GMT+0200 (Eastern European Standard Time)-{\"name\":\"Data Not found\",\"statusCode\":500,\"isOperational\":true}","private":true}
{"level":"error","message":"Wed May 25 2022 19:54:09 GMT+0200 (Eastern European Standard Time)-{\"name\":\"Data Not found\",\"statusCode\":500,\"isOperational\":true}","private":true}
{"level":"error","message":"Wed May 25 2022 19:54:49 GMT+0200 (Eastern European Standard Time)-{\"name\":\"Data Not found\",\"statusCode\":500,\"isOperational\":true}","private":true}
{"level":"error","message":"Wed May 25 2022 19:56:06 GMT+0200 (Eastern European Standard Time)-{\"name\":\"Data Not found\",\"statusCode\":500,\"isOperational\":true}","private":true}
{"level":"error","message":"Wed May 25 2022 19:56:29 GMT+0200 (Eastern European Standard Time)-{\"name\":\"Data Not found\",\"statusCode\":500,\"isOperational\":true}","private":true}
{"level":"error","message":"Wed May 25 2022 19:56:40 GMT+0200 (Eastern European Standard Time)-{\"name\":\"Data Not found\",\"statusCode\":500,\"isOperational\":true}","private":true}
{"level":"error","message":"Wed May 25 2022 19:58:55 GMT+0200 (Eastern European Standard Time)-{\"name\":\"Data Not found\",\"statusCode\":500,\"isOperational\":true}","private":true}
{"level":"error","message":"Thu May 26 2022 00:29:13 GMT+0200 (Eastern European Standard Time)-{\"name\":\"Data Not found\",\"statusCode\":500,\"isOperational\":true}","private":true}
{"level":"error","message":"Thu May 26 2022 00:34:39 GMT+0200 (Eastern European Standard Time)-{\"name\":\"Data Not found\",\"statusCode\":500,\"isOperational\":true}","private":true}
{"level":"error","message":"Thu May 26 2022 00:34:46 GMT+0200 (Eastern European Standard Time)-{\"name\":\"Data Not found\",\"statusCode\":500,\"isOperational\":true}","private":true}
{"level":"error","message":"Thu May 26 2022 00:34:56 GMT+0200 (Eastern European Standard Time)-{\"name\":\"Data Not found\",\"statusCode\":500,\"isOperational\":true}","private":true}
{"level":"error","message":"Thu May 26 2022 00:42:29 GMT+0200 (Eastern European Standard Time)-{\"name\":\"Data Not found\",\"statusCode\":500,\"isOperational\":true}","private":true}
{"level":"error","message":"Thu May 26 2022 00:43:58 GMT+0200 (Eastern European Standard Time)-{\"name\":\"Data Not found\",\"statusCode\":500,\"isOperational\":true}","private":true}
{"level":"error","message":"Thu May 26 2022 00:49:40 GMT+0200 (Eastern European Standard Time)-{\"name\":\"Data Not found\",\"statusCode\":500,\"isOperational\":true}","private":true}
{"level":"error","message":"Thu May 26 2022 00:50:13 GMT+0200 (Eastern European Standard Time)-{\"name\":\"Data Not found\",\"statusCode\":500,\"isOperational\":true}","private":true}
{"level":"error","message":"Thu May 26 2022 00:50:28 GMT+0200 (Eastern European Standard Time)-{\"name\":\"Data Not found\",\"statusCode\":500,\"isOperational\":true}","private":true}
{"level":"error","message":"Thu May 26 2022 00:51:08 GMT+0200 (Eastern European Standard Time)-{\"name\":\"Data Not found\",\"statusCode\":500,\"isOperational\":true}","private":true}
{"level":"error","message":"Thu May 26 2022 00:58:56 GMT+0200 (Eastern European Standard Time)-{\"name\":\"Data Not found\",\"statusCode\":500,\"isOperational\":true}","private":true}
{"level":"error","message":"Thu May 26 2022 00:59:20 GMT+0200 (Eastern European Standard Time)-{\"name\":\"Data Not found\",\"statusCode\":500,\"isOperational\":true}","private":true}
{"level":"error","message":"Thu May 26 2022 01:02:23 GMT+0200 (Eastern European Standard Time)-{\"name\":\"Data Not found\",\"statusCode\":500,\"isOperational\":true}","private":true}
{"level":"error","message":"Thu May 26 2022 01:02:28 GMT+0200 (Eastern European Standard Time)-{\"name\":\"Data Not found\",\"statusCode\":500,\"isOperational\":true}","private":true}
{"level":"error","message":"Thu May 26 2022 01:02:51 GMT+0200 (Eastern European Standard Time)-{\"name\":\"Data Not found\",\"statusCode\":500,\"isOperational\":true}","private":true}
{"level":"error","message":"Thu May 26 2022 01:11:23 GMT+0200 (Eastern European Standard Time)-{\"name\":\"Data Not found\",\"statusCode\":500,\"isOperational\":true}","private":true}
{"level":"error","message":"Thu May 26 2022 01:15:53 GMT+0200 (Eastern European Standard Time)-{\"name\":\"Data Not found\",\"statusCode\":500,\"isOperational\":true}","private":true}
{"level":"error","message":"Thu May 26 2022 01:17:35 GMT+0200 (Eastern European Standard Time)-{\"name\":\"Data Not found\",\"statusCode\":500,\"isOperational\":true}","private":true}
{"level":"error","message":"Thu May 26 2022 01:17:42 GMT+0200 (Eastern European Standard Time)-{\"name\":\"Data Not found\",\"statusCode\":500,\"isOperational\":true}","private":true}
{"level":"error","message":"Thu May 26 2022 01:18:03 GMT+0200 (Eastern European Standard Time)-{\"name\":\"Data Not found\",\"statusCode\":500,\"isOperational\":true}","private":true}
{"level":"error","message":"Thu May 26 2022 01:19:20 GMT+0200 (Eastern European Standard Time)-{\"name\":\"Data Not found\",\"statusCode\":500,\"isOperational\":true}","private":true}
{"level":"error","message":"Thu May 26 2022 01:19:36 GMT+0200 (Eastern European Standard Time)-{\"name\":\"Data Not found\",\"statusCode\":500,\"isOperational\":true}","private":true}
{"level":"error","message":"Thu May 26 2022 01:19:40 GMT+0200 (Eastern European Standard Time)-{\"name\":\"Data Not found\",\"statusCode\":500,\"isOperational\":true}","private":true}
{"level":"error","message":"Thu May 26 2022 01:39:57 GMT+0200 (Eastern European Standard Time)-{}","private":true}
{"level":"error","message":"Thu May 26 2022 02:18:30 GMT+0200 (Eastern European Standard Time)-{\"name\":\"Data Not found\",\"statusCode\":500,\"isOperational\":true}","private":true}
{"level":"error","message":"Thu May 26 2022 02:18:36 GMT+0200 (Eastern European Standard Time)-{\"name\":\"Data Not found\",\"statusCode\":500,\"isOperational\":true}","private":true}
{"level":"error","message":"Thu May 26 2022 02:25:55 GMT+0200 (Eastern European Standard Time)-{\"name\":\"Data Not found\",\"statusCode\":500,\"isOperational\":true}","private":true}
{"level":"error","message":"Thu May 26 2022 15:43:37 GMT+0200 (Eastern European Standard Time)-{\"name\":\"Data Not found\",\"statusCode\":500,\"isOperational\":true}","private":true}
{"level":"error","message":"Sat May 28 2022 03:07:45 GMT+0000 (Coordinated Universal Time)-{\"name\":\"Data Not found\",\"statusCode\":500,\"isOperational\":true}","private":true}
{"level":"error","message":"Wed May 24 2023 20:36:55 GMT+0300 (Eastern European Summer Time)-{\"name\":\"Data Not found\",\"statusCode\":500,\"isOperational\":true}","private":true}
{"level":"error","message":"Wed May 24 2023 20:36:59 GMT+0300 (Eastern European Summer Time)-{\"name\":\"Data Not found\",\"statusCode\":500,\"isOperational\":true}","private":true}
{"level":"error","message":"Wed May 24 2023 20:37:05 GMT+0300 (Eastern European Summer Time)-{\"name\":\"Data Not found\",\"statusCode\":500,\"isOperational\":true}","private":true}
{"level":"error","message":"Wed May 24 2023 20:40:09 GMT+0300 (Eastern European Summer Time)-{\"name\":\"Data Not found\",\"statusCode\":500,\"isOperational\":true}","private":true}
{"level":"error","message":"Wed May 24 2023 20:40:12 GMT+0300 (Eastern European Summer Time)-{\"name\":\"Data Not found\",\"statusCode\":500,\"isOperational\":true}","private":true}
{"level":"error","message":"Wed May 24 2023 20:40:13 GMT+0300 (Eastern European Summer Time)-{\"name\":\"Data Not found\",\"statusCode\":500,\"isOperational\":true}","private":true}
{"level":"error","message":"Thu May 25 2023 13:04:49 GMT+0300 (Eastern European Summer Time)-{\"name\":\"Data Not found\",\"statusCode\":500,\"isOperational\":true}","private":true}
{"level":"error","message":"Thu May 25 2023 13:11:58 GMT+0300 (Eastern European Summer Time)-{\"name\":\"Data Not found\",\"statusCode\":500,\"isOperational\":true}","private":true}
{"level":"error","message":"Thu May 25 2023 13:34:05 GMT+0300 (Eastern European Summer Time)-{\"name\":\"Data Not found\",\"statusCode\":500,\"isOperational\":true}","private":true}
{"level":"error","message":"Thu May 25 2023 13:34:06 GMT+0300 (Eastern European Summer Time)-{\"name\":\"Data Not found\",\"statusCode\":500,\"isOperational\":true}","private":true}
{"level":"error","message":"Thu May 25 2023 13:34:10 GMT+0300 (Eastern European Summer Time)-{\"name\":\"Data Not found\",\"statusCode\":500,\"isOperational\":true}","private":true}
{"level":"error","message":"Thu May 25 2023 13:34:13 GMT+0300 (Eastern European Summer Time)-{\"name\":\"Data Not found\",\"statusCode\":500,\"isOperational\":true}","private":true}
{"level":"error","message":"Thu May 25 2023 13:34:14 GMT+0300 (Eastern European Summer Time)-{\"name\":\"Data Not found\",\"statusCode\":500,\"isOperational\":true}","private":true}
{"level":"error","message":"Thu May 25 2023 13:34:20 GMT+0300 (Eastern European Summer Time)-{\"name\":\"Data Not found\",\"statusCode\":500,\"isOperational\":true}","private":true}
{"level":"error","message":"Thu May 25 2023 13:37:21 GMT+0300 (Eastern European Summer Time)-{\"name\":\"Data Not found\",\"statusCode\":500,\"isOperational\":true}","private":true}
{"level":"error","message":"Thu May 25 2023 13:37:50 GMT+0300 (Eastern European Summer Time)-{\"name\":\"Data Not found\",\"statusCode\":500,\"isOperational\":true}","private":true}
{"level":"error","message":"Thu May 25 2023 13:37:57 GMT+0300 (Eastern European Summer Time)-{\"name\":\"Data Not found\",\"statusCode\":500,\"isOperational\":true}","private":true}
{"level":"error","message":"Thu May 25 2023 13:37:58 GMT+0300 (Eastern European Summer Time)-{\"name\":\"Data Not found\",\"statusCode\":500,\"isOperational\":true}","private":true}
{"level":"error","message":"Thu May 25 2023 13:37:58 GMT+0300 (Eastern European Summer Time)-{\"name\":\"Data Not found\",\"statusCode\":500,\"isOperational\":true}","private":true}
{"level":"error","message":"Thu May 25 2023 13:44:57 GMT+0300 (Eastern European Summer Time)-{\"name\":\"Data Not found\",\"statusCode\":500,\"isOperational\":true}","private":true}
{"level":"error","message":"Thu May 25 2023 21:03:36 GMT+0300 (Eastern European Summer Time)-{\"name\":\"Data Not found\",\"statusCode\":500,\"isOperational\":true}","private":true}
{"level":"error","message":"Thu May 25 2023 21:03:40 GMT+0300 (Eastern European Summer Time)-{\"name\":\"Data Not found\",\"statusCode\":500,\"isOperational\":true}","private":true}
{"level":"error","message":"Thu May 25 2023 21:03:49 GMT+0300 (Eastern European Summer Time)-{\"name\":\"Data Not found\",\"statusCode\":500,\"isOperational\":true}","private":true}
{"level":"error","message":"Thu May 25 2023 21:03:49 GMT+0300 (Eastern European Summer Time)-{\"name\":\"Data Not found\",\"statusCode\":500,\"isOperational\":true}","private":true}
{"level":"error","message":"Thu May 25 2023 22:47:32 GMT+0300 (Eastern European Summer Time)-{\"name\":\"Data Not found\",\"statusCode\":500,\"isOperational\":true}","private":true}
{"level":"error","message":"Fri May 26 2023 20:59:02 GMT+0300 (Eastern European Summer Time)-{\"name\":\"Data Not found\",\"statusCode\":500,\"isOperational\":true}","private":true}
{"level":"error","message":"Fri May 26 2023 20:59:21 GMT+0300 (Eastern European Summer Time)-{\"name\":\"Data Not found\",\"statusCode\":500,\"isOperational\":true}","private":true}
{"level":"error","message":"Fri May 26 2023 20:59:21 GMT+0300 (Eastern European Summer Time)-{\"name\":\"Data Not found\",\"statusCode\":500,\"isOperational\":true}","private":true}
{"level":"error","message":"Fri May 26 2023 21:01:34 GMT+0300 (Eastern European Summer Time)-{\"name\":\"Data Not found\",\"statusCode\":500,\"isOperational\":true}","private":true}
{"level":"error","message":"Fri May 26 2023 21:01:46 GMT+0300 (Eastern European Summer Time)-{\"name\":\"Data Not found\",\"statusCode\":500,\"isOperational\":true}","private":true}
{"level":"error","message":"Fri May 26 2023 21:01:47 GMT+0300 (Eastern European Summer Time)-{\"name\":\"Data Not found\",\"statusCode\":500,\"isOperational\":true}","private":true}
{"level":"error","message":"Fri May 26 2023 21:05:28 GMT+0300 (Eastern European Summer Time)-{\"name\":\"Data Not found\",\"statusCode\":500,\"isOperational\":true}","private":true}
{"level":"error","message":"Fri May 26 2023 21:17:42 GMT+0300 (Eastern European Summer Time)-{\"name\":\"Data Not found\",\"statusCode\":500,\"isOperational\":true}","private":true}
{"level":"error","message":"Fri May 26 2023 21:22:27 GMT+0300 (Eastern European Summer Time)-{\"name\":\"Data Not found\",\"statusCode\":500,\"isOperational\":true}","private":true}
{"level":"error","message":"Fri May 26 2023 21:49:14 GMT+0300 (Eastern European Summer Time)-{\"name\":\"Data Not found\",\"statusCode\":500,\"isOperational\":true}","private":true}
{"level":"error","message":"Fri May 26 2023 21:49:15 GMT+0300 (Eastern European Summer Time)-{\"name\":\"Data Not found\",\"statusCode\":500,\"isOperational\":true}","private":true}
{"level":"error","message":"Fri May 26 2023 21:49:17 GMT+0300 (Eastern European Summer Time)-{\"name\":\"Data Not found\",\"statusCode\":500,\"isOperational\":true}","private":true}
